# JRE version: Java(TM) SE Runtime Environment (8.0_191-b12) (build 1.8.0_191-b12)
# Java VM: Java HotSpot(TM) 64-Bit Server VM (25.191-b12 mixed mode windows-amd64 compressed oops)
Heap:
 PSYoungGen      total 416768K, used 337050K [0x00000000e0000000, 0x00000000fd500000, 0x0000000100000000)
  eden space 392192K, 85% used [0x00000000e0000000,0x00000000f4926af0,0x00000000f7f00000)
  from space 24576K, 0% used [0x00000000f7f00000,0x00000000f7f00000,0x00000000f9700000)
  to   space 44032K, 0% used [0x00000000faa00000,0x00000000faa00000,0x00000000fd500000)
 ParOldGen       total 428032K, used 95193K [0x00000000a0000000, 0x00000000ba200000, 0x00000000e0000000)
  object space 428032K, 22% used [0x00000000a0000000,0x00000000a5cf6718,0x00000000ba200000)
 Metaspace       used 110740K, capacity 118668K, committed 124032K, reserved 1157120K
  class space    used 14538K, capacity 15825K, committed 16768K, reserved 1048576K
GC Heap History (10 events):
Event: 2593.627 GC heap before
{Heap before GC invocations=54 (full 4):
 PSYoungGen      total 464896K, used 464796K [0x00000000e0000000, 0x00000000ff780000, 0x0000000100000000)
  eden space 427520K, 100% used [0x00000000e0000000,0x00000000fa180000,0x00000000fa180000)
  from space 37376K, 99% used [0x00000000fae00000,0x00000000fd267000,0x00000000fd280000)
  to   space 37888K, 0% used [0x00000000fd280000,0x00000000fd280000,0x00000000ff780000)
 ParOldGen       total 428032K, used 397823K [0x00000000a0000000, 0x00000000ba200000, 0x00000000e0000000)
  object space 428032K, 92% used [0x00000000a0000000,0x00000000b847fdc8,0x00000000ba200000)
 Metaspace       used 111590K, capacity 118258K, committed 118528K, reserved 1153024K
  class space    used 14683K, capacity 15850K, committed 15872K, reserved 1048576K
Event: 2593.656 GC heap after
Heap after GC invocations=54 (full 4):
 PSYoungGen      total 452096K, used 36393K [0x00000000e0000000, 0x00000000ff680000, 0x0000000100000000)
  eden space 415232K, 0% used [0x00000000e0000000,0x00000000e0000000,0x00000000f9580000)
  from space 36864K, 98% used [0x00000000fd280000,0x00000000ff60a5d0,0x00000000ff680000)
  to   space 47104K, 0% used [0x00000000f9a80000,0x00000000f9a80000,0x00000000fc880000)
 ParOldGen       total 428032K, used 397831K [0x00000000a0000000, 0x00000000ba200000, 0x00000000e0000000)
  object space 428032K, 92% used [0x00000000a0000000,0x00000000b8481dc8,0x00000000ba200000)
 Metaspace       used 111590K, capacity 118258K, committed 118528K, reserved 1153024K
  class space    used 14683K, capacity 15850K, committed 15872K, reserved 1048576K
}
Event: 3378.946 GC heap before
{Heap before GC invocations=55 (full 4):
 PSYoungGen      total 452096K, used 451625K [0x00000000e0000000, 0x00000000ff680000, 0x0000000100000000)
  eden space 415232K, 100% used [0x00000000e0000000,0x00000000f9580000,0x00000000f9580000)
  from space 36864K, 98% used [0x00000000fd280000,0x00000000ff60a5d0,0x00000000ff680000)
  to   space 47104K, 0% used [0x00000000f9a80000,0x00000000f9a80000,0x00000000fc880000)
 ParOldGen       total 428032K, used 397831K [0x00000000a0000000, 0x00000000ba200000, 0x00000000e0000000)
  object space 428032K, 92% used [0x00000000a0000000,0x00000000b8481dc8,0x00000000ba200000)
 Metaspace       used 113337K, capacity 120756K, committed 120960K, reserved 1155072K
  class space    used 14925K, capacity 16205K, committed 16256K, reserved 1048576K
Event: 3378.974 GC heap after
Heap after GC invocations=55 (full 4):
 PSYoungGen      total 428032K, used 24131K [0x00000000e0000000, 0x00000000fe200000, 0x0000000100000000)
  eden space 403456K, 0% used [0x00000000e0000000,0x00000000e0000000,0x00000000f8a00000)
  from space 24576K, 98% used [0x00000000f9a80000,0x00000000fb210f58,0x00000000fb280000)
  to   space 45056K, 0% used [0x00000000fb600000,0x00000000fb600000,0x00000000fe200000)
 ParOldGen       total 428032K, used 397839K [0x00000000a0000000, 0x00000000ba200000, 0x00000000e0000000)
  object space 428032K, 92% used [0x00000000a0000000,0x00000000b8483dc8,0x00000000ba200000)
 Metaspace       used 113337K, capacity 120756K, committed 120960K, reserved 1155072K
  class space    used 14925K, capacity 16205K, committed 16256K, reserved 1048576K
}
Event: 3535.202 GC heap before
{Heap before GC invocations=56 (full 4):
 PSYoungGen      total 428032K, used 427587K [0x00000000e0000000, 0x00000000fe200000, 0x0000000100000000)
  eden space 403456K, 100% used [0x00000000e0000000,0x00000000f8a00000,0x00000000f8a00000)
  from space 24576K, 98% used [0x00000000f9a80000,0x00000000fb210f58,0x00000000fb280000)
  to   space 45056K, 0% used [0x00000000fb600000,0x00000000fb600000,0x00000000fe200000)
 ParOldGen       total 428032K, used 397839K [0x00000000a0000000, 0x00000000ba200000, 0x00000000e0000000)
  object space 428032K, 92% used [0x00000000a0000000,0x00000000b8483dc8,0x00000000ba200000)
 Metaspace       used 114633K, capacity 123722K, committed 124032K, reserved 1157120K
  class space    used 15190K, capacity 16668K, committed 16768K, reserved 1048576K
Event: 3535.237 GC heap after
Heap after GC invocations=56 (full 4):
 PSYoungGen      total 428032K, used 31148K [0x00000000e0000000, 0x00000000fd900000, 0x0000000100000000)
  eden space 392192K, 0% used [0x00000000e0000000,0x00000000e0000000,0x00000000f7f00000)
  from space 35840K, 86% used [0x00000000fb600000,0x00000000fd46b2b0,0x00000000fd900000)
  to   space 46080K, 0% used [0x00000000f7f00000,0x00000000f7f00000,0x00000000fac00000)
 ParOldGen       total 428032K, used 397847K [0x00000000a0000000, 0x00000000ba200000, 0x00000000e0000000)
  object space 428032K, 92% used [0x00000000a0000000,0x00000000b8485dc8,0x00000000ba200000)
 Metaspace       used 114633K, capacity 123722K, committed 124032K, reserved 1157120K
  class space    used 15190K, capacity 16668K, committed 16768K, reserved 1048576K
}
Event: 3707.124 GC heap before
{Heap before GC invocations=57 (full 4):
 PSYoungGen      total 428032K, used 356167K [0x00000000e0000000, 0x00000000fd900000, 0x0000000100000000)
  eden space 392192K, 82% used [0x00000000e0000000,0x00000000f3d66ce0,0x00000000f7f00000)
  from space 35840K, 86% used [0x00000000fb600000,0x00000000fd46b2b0,0x00000000fd900000)
  to   space 46080K, 0% used [0x00000000f7f00000,0x00000000f7f00000,0x00000000fac00000)
 ParOldGen       total 428032K, used 397847K [0x00000000a0000000, 0x00000000ba200000, 0x00000000e0000000)
  object space 428032K, 92% used [0x00000000a0000000,0x00000000b8485dc8,0x00000000ba200000)
 Metaspace       used 114741K, capacity 123846K, committed 124032K, reserved 1157120K
  class space    used 15197K, capacity 16678K, committed 16768K, reserved 1048576K
Event: 3707.146 GC heap after
Heap after GC invocations=57 (full 4):
 PSYoungGen      total 416768K, used 24131K [0x00000000e0000000, 0x00000000fd500000, 0x0000000100000000)
  eden space 392192K, 0% used [0x00000000e0000000,0x00000000e0000000,0x00000000f7f00000)
  from space 24576K, 98% used [0x00000000f7f00000,0x00000000f9690fe8,0x00000000f9700000)
  to   space 44032K, 0% used [0x00000000faa00000,0x00000000faa00000,0x00000000fd500000)
 ParOldGen       total 428032K, used 397847K [0x00000000a0000000, 0x00000000ba200000, 0x00000000e0000000)
  object space 428032K, 92% used [0x00000000a0000000,0x00000000b8485dc8,0x00000000ba200000)
 Metaspace       used 114741K, capacity 123846K, committed 124032K, reserved 1157120K
  class space    used 15197K, capacity 16678K, committed 16768K, reserved 1048576K
}
Event: 3707.146 GC heap before
{Heap before GC invocations=58 (full 5):
 PSYoungGen      total 416768K, used 24131K [0x00000000e0000000, 0x00000000fd500000, 0x0000000100000000)
  eden space 392192K, 0% used [0x00000000e0000000,0x00000000e0000000,0x00000000f7f00000)
  from space 24576K, 98% used [0x00000000f7f00000,0x00000000f9690fe8,0x00000000f9700000)
  to   space 44032K, 0% used [0x00000000faa00000,0x00000000faa00000,0x00000000fd500000)
 ParOldGen       total 428032K, used 397847K [0x00000000a0000000, 0x00000000ba200000, 0x00000000e0000000)
  object space 428032K, 92% used [0x00000000a0000000,0x00000000b8485dc8,0x00000000ba200000)
 Metaspace       used 114741K, capacity 123846K, committed 124032K, reserved 1157120K
  class space    used 15197K, capacity 16678K, committed 16768K, reserved 1048576K
Event: 3707.490 GC heap after
Heap after GC invocations=58 (full 5):
 PSYoungGen      total 416768K, used 0K [0x00000000e0000000, 0x00000000fd500000, 0x0000000100000000)
  eden space 392192K, 0% used [0x00000000e0000000,0x00000000e0000000,0x00000000f7f00000)
  from space 24576K, 0% used [0x00000000f7f00000,0x00000000f7f00000,0x00000000f9700000)
  to   space 44032K, 0% used [0x00000000faa00000,0x00000000faa00000,0x00000000fd500000)
 ParOldGen       total 428032K, used 95193K [0x00000000a0000000, 0x00000000ba200000, 0x00000000e0000000)
  object space 428032K, 22% used [0x00000000a0000000,0x00000000a5cf6718,0x00000000ba200000)
 Metaspace       used 110627K, capacity 118562K, committed 124032K, reserved 1157120K
  class space    used 14533K, capacity 15818K, committed 16768K, reserved 1048576K
}

