# JRE version: OpenJDK Runtime Environment (8.0_202-b03) (build 1.8.0_202-release-1483-b03)
# Java VM: OpenJDK 64-Bit Server VM (25.202-b03 mixed mode windows-amd64 compressed oops)
Heap:
 PSYoungGen      total 462336K, used 64149K [0x00000000e0000000, 0x00000000ff900000, 0x0000000100000000)
  eden space 413696K, 13% used [0x00000000e0000000,0x00000000e3619118,0x00000000f9400000)
  from space 48640K, 17% used [0x00000000fc980000,0x00000000fd20c2f8,0x00000000ff900000)
  to   space 51712K, 0% used [0x00000000f9400000,0x00000000f9400000,0x00000000fc680000)
 ParOldGen       total 424960K, used 185124K [0x00000000a0000000, 0x00000000b9f00000, 0x00000000e0000000)
  object space 424960K, 43% used [0x00000000a0000000,0x00000000ab4c9208,0x00000000b9f00000)
 Metaspace       used 96109K, capacity 100086K, committed 101376K, reserved 1136640K
  class space    used 12484K, capacity 13224K, committed 13568K, reserved 1048576K
GC Heap History (10 events):
Event: 315.626 GC heap before
{Heap before GC invocations=26 (full 4):
 PSYoungGen      total 457728K, used 403040K [0x00000000e0000000, 0x00000000fff00000, 0x0000000100000000)
  eden space 394752K, 100% used [0x00000000e0000000,0x00000000f8180000,0x00000000f8180000)
  from space 62976K, 13% used [0x00000000f8180000,0x00000000f8998000,0x00000000fbf00000)
  to   space 61440K, 0% used [0x00000000fc300000,0x00000000fc300000,0x00000000fff00000)
 ParOldGen       total 424960K, used 151093K [0x00000000a0000000, 0x00000000b9f00000, 0x00000000e0000000)
  object space 424960K, 35% used [0x00000000a0000000,0x00000000a938d6e0,0x00000000b9f00000)
 Metaspace       used 95699K, capacity 99686K, committed 101120K, reserved 1136640K
  class space    used 12466K, capacity 13212K, committed 13568K, reserved 1048576K
Event: 315.640 GC heap after
Heap after GC invocations=26 (full 4):
 PSYoungGen      total 456704K, used 10642K [0x00000000e0000000, 0x00000000ffa80000, 0x0000000100000000)
  eden space 399872K, 0% used [0x00000000e0000000,0x00000000e0000000,0x00000000f8680000)
  from space 56832K, 18% used [0x00000000fc300000,0x00000000fcd64b70,0x00000000ffa80000)
  to   space 59392K, 0% used [0x00000000f8680000,0x00000000f8680000,0x00000000fc080000)
 ParOldGen       total 424960K, used 159117K [0x00000000a0000000, 0x00000000b9f00000, 0x00000000e0000000)
  object space 424960K, 37% used [0x00000000a0000000,0x00000000a9b63710,0x00000000b9f00000)
 Metaspace       used 95699K, capacity 99686K, committed 101120K, reserved 1136640K
  class space    used 12466K, capacity 13212K, committed 13568K, reserved 1048576K
}
Event: 316.037 GC heap before
{Heap before GC invocations=27 (full 4):
 PSYoungGen      total 456704K, used 410514K [0x00000000e0000000, 0x00000000ffa80000, 0x0000000100000000)
  eden space 399872K, 100% used [0x00000000e0000000,0x00000000f8680000,0x00000000f8680000)
  from space 56832K, 18% used [0x00000000fc300000,0x00000000fcd64b70,0x00000000ffa80000)
  to   space 59392K, 0% used [0x00000000f8680000,0x00000000f8680000,0x00000000fc080000)
 ParOldGen       total 424960K, used 159117K [0x00000000a0000000, 0x00000000b9f00000, 0x00000000e0000000)
  object space 424960K, 37% used [0x00000000a0000000,0x00000000a9b63710,0x00000000b9f00000)
 Metaspace       used 95787K, capacity 99838K, committed 101376K, reserved 1136640K
  class space    used 12468K, capacity 13216K, committed 13568K, reserved 1048576K
Event: 316.049 GC heap after
Heap after GC invocations=27 (full 4):
 PSYoungGen      total 459264K, used 8128K [0x00000000e0000000, 0x00000000fff80000, 0x0000000100000000)
  eden space 399872K, 0% used [0x00000000e0000000,0x00000000e0000000,0x00000000f8680000)
  from space 59392K, 13% used [0x00000000f8680000,0x00000000f8e70000,0x00000000fc080000)
  to   space 57856K, 0% used [0x00000000fc700000,0x00000000fc700000,0x00000000fff80000)
 ParOldGen       total 424960K, used 167616K [0x00000000a0000000, 0x00000000b9f00000, 0x00000000e0000000)
  object space 424960K, 39% used [0x00000000a0000000,0x00000000aa3b0160,0x00000000b9f00000)
 Metaspace       used 95787K, capacity 99838K, committed 101376K, reserved 1136640K
  class space    used 12468K, capacity 13216K, committed 13568K, reserved 1048576K
}
Event: 316.499 GC heap before
{Heap before GC invocations=28 (full 4):
 PSYoungGen      total 459264K, used 408000K [0x00000000e0000000, 0x00000000fff80000, 0x0000000100000000)
  eden space 399872K, 100% used [0x00000000e0000000,0x00000000f8680000,0x00000000f8680000)
  from space 59392K, 13% used [0x00000000f8680000,0x00000000f8e70000,0x00000000fc080000)
  to   space 57856K, 0% used [0x00000000fc700000,0x00000000fc700000,0x00000000fff80000)
 ParOldGen       total 424960K, used 167616K [0x00000000a0000000, 0x00000000b9f00000, 0x00000000e0000000)
  object space 424960K, 39% used [0x00000000a0000000,0x00000000aa3b0160,0x00000000b9f00000)
 Metaspace       used 95845K, capacity 99906K, committed 101376K, reserved 1136640K
  class space    used 12468K, capacity 13216K, committed 13568K, reserved 1048576K
Event: 316.511 GC heap after
Heap after GC invocations=28 (full 4):
 PSYoungGen      total 460800K, used 4448K [0x00000000e0000000, 0x00000000ffb80000, 0x0000000100000000)
  eden space 407040K, 0% used [0x00000000e0000000,0x00000000e0000000,0x00000000f8d80000)
  from space 53760K, 8% used [0x00000000fc700000,0x00000000fcb58000,0x00000000ffb80000)
  to   space 56320K, 0% used [0x00000000f8d80000,0x00000000f8d80000,0x00000000fc480000)
 ParOldGen       total 424960K, used 175020K [0x00000000a0000000, 0x00000000b9f00000, 0x00000000e0000000)
  object space 424960K, 41% used [0x00000000a0000000,0x00000000aaaeb1a8,0x00000000b9f00000)
 Metaspace       used 95845K, capacity 99906K, committed 101376K, reserved 1136640K
  class space    used 12468K, capacity 13216K, committed 13568K, reserved 1048576K
}
Event: 316.992 GC heap before
{Heap before GC invocations=29 (full 4):
 PSYoungGen      total 460800K, used 411488K [0x00000000e0000000, 0x00000000ffb80000, 0x0000000100000000)
  eden space 407040K, 100% used [0x00000000e0000000,0x00000000f8d80000,0x00000000f8d80000)
  from space 53760K, 8% used [0x00000000fc700000,0x00000000fcb58000,0x00000000ffb80000)
  to   space 56320K, 0% used [0x00000000f8d80000,0x00000000f8d80000,0x00000000fc480000)
 ParOldGen       total 424960K, used 175020K [0x00000000a0000000, 0x00000000b9f00000, 0x00000000e0000000)
  object space 424960K, 41% used [0x00000000a0000000,0x00000000aaaeb1a8,0x00000000b9f00000)
 Metaspace       used 95850K, capacity 99906K, committed 101376K, reserved 1136640K
  class space    used 12468K, capacity 13216K, committed 13568K, reserved 1048576K
Event: 317.002 GC heap after
Heap after GC invocations=29 (full 4):
 PSYoungGen      total 463360K, used 6560K [0x00000000e0000000, 0x00000000ffe80000, 0x0000000100000000)
  eden space 407040K, 0% used [0x00000000e0000000,0x00000000e0000000,0x00000000f8d80000)
  from space 56320K, 11% used [0x00000000f8d80000,0x00000000f93e8000,0x00000000fc480000)
  to   space 54272K, 0% used [0x00000000fc980000,0x00000000fc980000,0x00000000ffe80000)
 ParOldGen       total 424960K, used 179260K [0x00000000a0000000, 0x00000000b9f00000, 0x00000000e0000000)
  object space 424960K, 42% used [0x00000000a0000000,0x00000000aaf0f1e8,0x00000000b9f00000)
 Metaspace       used 95850K, capacity 99906K, committed 101376K, reserved 1136640K
  class space    used 12468K, capacity 13216K, committed 13568K, reserved 1048576K
}
Event: 317.791 GC heap before
{Heap before GC invocations=30 (full 4):
 PSYoungGen      total 463360K, used 413600K [0x00000000e0000000, 0x00000000ffe80000, 0x0000000100000000)
  eden space 407040K, 100% used [0x00000000e0000000,0x00000000f8d80000,0x00000000f8d80000)
  from space 56320K, 11% used [0x00000000f8d80000,0x00000000f93e8000,0x00000000fc480000)
  to   space 54272K, 0% used [0x00000000fc980000,0x00000000fc980000,0x00000000ffe80000)
 ParOldGen       total 424960K, used 179260K [0x00000000a0000000, 0x00000000b9f00000, 0x00000000e0000000)
  object space 424960K, 42% used [0x00000000a0000000,0x00000000aaf0f1e8,0x00000000b9f00000)
 Metaspace       used 95900K, capacity 99970K, committed 101376K, reserved 1136640K
  class space    used 12468K, capacity 13216K, committed 13568K, reserved 1048576K
Event: 317.809 GC heap after
Heap after GC invocations=30 (full 4):
 PSYoungGen      total 462336K, used 8752K [0x00000000e0000000, 0x00000000ff900000, 0x0000000100000000)
  eden space 413696K, 0% used [0x00000000e0000000,0x00000000e0000000,0x00000000f9400000)
  from space 48640K, 17% used [0x00000000fc980000,0x00000000fd20c2f8,0x00000000ff900000)
  to   space 51712K, 0% used [0x00000000f9400000,0x00000000f9400000,0x00000000fc680000)
 ParOldGen       total 424960K, used 185124K [0x00000000a0000000, 0x00000000b9f00000, 0x00000000e0000000)
  object space 424960K, 43% used [0x00000000a0000000,0x00000000ab4c9208,0x00000000b9f00000)
 Metaspace       used 95900K, capacity 99970K, committed 101376K, reserved 1136640K
  class space    used 12468K, capacity 13216K, committed 13568K, reserved 1048576K
}

